2025-12-18 08:21:57,436 - INFO - Конфигурация успешно загружена
2025-12-18 08:26:14,090 - INFO - Конфигурация успешно загружена
2025-12-18 08:28:54,798 - INFO - Конфигурация успешно загружена
2025-12-18 08:31:03,874 - INFO - Конфигурация успешно загружена
2025-12-18 08:32:18,172 - INFO - Конфигурация успешно загружена
2025-12-18 08:33:06,635 - INFO - GET /regression_data - Пензенская область, Бековский район, 2020, history=5
2025-12-18 08:33:06,635 - INFO - Запрос к Storage: http://storage-service:8000/meteo/multi_year, params={'region': 'Пензенская область', 'district': 'Бековский район', 'year': 2020, 'history': 5}
2025-12-18 08:33:07,400 - INFO - OK - обработано 6 лет
2025-12-18 08:42:56,035 - INFO - Конфигурация успешно загружена
2025-12-18 08:43:09,344 - INFO - GET /regression_data - Пензенская область, Бековский район, 2020, history=5
2025-12-18 08:43:09,345 - INFO - Запрос к Storage: http://storage-service:8000/meteo/multi_year, params={'region': 'Пензенская область', 'district': 'Бековский район', 'year': 2020, 'history': 5}
2025-12-18 08:43:10,093 - INFO - OK - обработано 6 лет
2025-12-18 08:45:07,187 - INFO - GET /predict_data - Пензенская область, Бековский район, 2020
2025-12-18 08:45:07,197 - INFO - Запрос к Storage: http://storage-service:8000/meteo/with_yield, params={'region': 'Пензенская область', 'district': 'Бековский район', 'year': 2020}
2025-12-18 08:45:08,002 - INFO - Объеденены 2 года, размер полученного ряда: (21, 730)
2025-12-18 08:45:08,002 - INFO - С stat-параметрами: (24, 730)
2025-12-18 08:45:08,003 - INFO - После обработки: 5880 значений
2025-12-18 08:48:50,340 - INFO - Конфигурация успешно загружена
2025-12-18 08:49:08,706 - INFO - GET /predict_data - Пензенская область, Белинский район, 2020
2025-12-18 08:49:08,706 - INFO - Запрос к Storage: http://storage-service:8000/meteo/with_yield, params={'region': 'Пензенская область', 'district': 'Белинский район', 'year': 2020}
2025-12-18 08:49:09,379 - INFO - Объеденены 2 года, размер полученного ряда: (21, 730)
2025-12-18 08:49:09,379 - INFO - С stat-параметрами: (24, 730)
2025-12-18 08:49:09,380 - INFO - После обработки: 5880 значений
2025-12-18 08:49:37,785 - INFO - GET /regression_data - Пензенская область, Каменский район, 2020, history=5
2025-12-18 08:49:37,785 - INFO - Запрос к Storage: http://storage-service:8000/meteo/multi_year, params={'region': 'Пензенская область', 'district': 'Каменский район', 'year': 2020, 'history': 5}
2025-12-18 08:49:38,508 - INFO - OK - обработано 6 лет
2025-12-18 08:50:03,658 - INFO - GET /predict_data - Пензенская область, Бессоновский район, 2020
2025-12-18 08:50:03,658 - INFO - Запрос к Storage: http://storage-service:8000/meteo/with_yield, params={'region': 'Пензенская область', 'district': 'Бессоновский район', 'year': 2020}
2025-12-18 08:50:04,373 - INFO - Объеденены 2 года, размер полученного ряда: (21, 730)
2025-12-18 08:50:04,373 - INFO - С stat-параметрами: (24, 730)
2025-12-18 08:50:04,373 - INFO - После обработки: 5880 значений
