2025-12-18 08:21:57,464 - INFO - Конфигурация загружена
2025-12-18 08:26:14,220 - INFO - Конфигурация загружена
2025-12-18 08:28:54,890 - INFO - Конфигурация загружена
2025-12-18 08:31:03,935 - INFO - Конфигурация загружена
2025-12-18 08:32:18,178 - INFO - Конфигурация загружена
2025-12-18 08:33:06,647 - INFO - GET /meteo/multi_year - Пензенская область, Бековский район, 2020, history=5
2025-12-18 08:33:07,297 - INFO - Поиск district_id=60002, year=2015, найдено индексов: 1
2025-12-18 08:33:07,298 - INFO - Поиск district_id=60002, year=2016, найдено индексов: 1
2025-12-18 08:33:07,308 - INFO - Поиск district_id=60002, year=2017, найдено индексов: 1
2025-12-18 08:33:07,308 - INFO - Поиск district_id=60002, year=2018, найдено индексов: 1
2025-12-18 08:33:07,309 - INFO - Поиск district_id=60002, year=2019, найдено индексов: 1
2025-12-18 08:33:07,310 - INFO - Поиск district_id=60002, year=2020, найдено индексов: 1
2025-12-18 08:33:07,310 - INFO - OK - возвращено 6 лет
2025-12-18 08:42:56,145 - INFO - Конфигурация загружена
2025-12-18 08:43:09,354 - INFO - GET /meteo/multi_year - Пензенская область, Бековский район, 2020, history=5
2025-12-18 08:43:10,000 - INFO - Поиск district_id=60002, year=2015, найдено индексов: 1
2025-12-18 08:43:10,001 - INFO - Поиск district_id=60002, year=2016, найдено индексов: 1
2025-12-18 08:43:10,001 - INFO - Поиск district_id=60002, year=2017, найдено индексов: 1
2025-12-18 08:43:10,002 - INFO - Поиск district_id=60002, year=2018, найдено индексов: 1
2025-12-18 08:43:10,003 - INFO - Поиск district_id=60002, year=2019, найдено индексов: 1
2025-12-18 08:43:10,003 - INFO - Поиск district_id=60002, year=2020, найдено индексов: 1
2025-12-18 08:43:10,004 - INFO - OK - возвращено 6 лет
2025-12-18 08:45:07,207 - INFO - GET /meteo/with_yield - Пензенская область, Бековский район, 2020
2025-12-18 08:45:07,969 - INFO - Поиск district_id=60002, year=2020, найдено индексов: 1
2025-12-18 08:45:07,970 - INFO - Поиск district_id=60002, year=2019, найдено индексов: 1
2025-12-18 08:45:07,970 - INFO - OK - строка 23, урожайность 49.4
2025-12-18 08:48:50,429 - INFO - Конфигурация загружена
2025-12-18 08:49:08,715 - INFO - GET /meteo/with_yield - Пензенская область, Белинский район, 2020
2025-12-18 08:49:09,345 - INFO - Поиск district_id=60003, year=2020, найдено индексов: 1
2025-12-18 08:49:09,346 - INFO - Поиск district_id=60003, year=2019, найдено индексов: 1
2025-12-18 08:49:09,347 - INFO - OK - строка 37, урожайность 48.3
2025-12-18 08:49:37,788 - INFO - GET /meteo/multi_year - Пензенская область, Каменский район, 2020, history=5
2025-12-18 08:49:38,413 - INFO - Поиск district_id=60012, year=2015, найдено индексов: 1
2025-12-18 08:49:38,414 - INFO - Поиск district_id=60012, year=2016, найдено индексов: 1
2025-12-18 08:49:38,415 - INFO - Поиск district_id=60012, year=2017, найдено индексов: 1
2025-12-18 08:49:38,415 - INFO - Поиск district_id=60012, year=2018, найдено индексов: 1
2025-12-18 08:49:38,416 - INFO - Поиск district_id=60012, year=2019, найдено индексов: 1
2025-12-18 08:49:38,417 - INFO - Поиск district_id=60012, year=2020, найдено индексов: 1
2025-12-18 08:49:38,417 - INFO - OK - возвращено 6 лет
2025-12-18 08:50:03,662 - INFO - GET /meteo/with_yield - Пензенская область, Бессоновский район, 2020
2025-12-18 08:50:04,331 - INFO - Поиск district_id=60004, year=2020, найдено индексов: 1
2025-12-18 08:50:04,333 - INFO - Поиск district_id=60004, year=2019, найдено индексов: 1
2025-12-18 08:50:04,333 - INFO - OK - строка 51, урожайность 38.8
